# JRE version: Java(TM) SE Runtime Environment (8.0_261-b12) (build 1.8.0_261-b12)
# Java VM: Java HotSpot(TM) 64-Bit Server VM (25.261-b12 mixed mode windows-amd64 compressed oops)
Heap:
 PSYoungGen      total 2048K, used 1144K [0x00000000d5d80000, 0x00000000d6000000, 0x0000000100000000)
  eden space 1536K, 74% used [0x00000000d5d80000,0x00000000d5e9e2e8,0x00000000d5f00000)
  from space 512K, 0% used [0x00000000d5f00000,0x00000000d5f00000,0x00000000d5f80000)
  to   space 512K, 0% used [0x00000000d5f80000,0x00000000d5f80000,0x00000000d6000000)
 ParOldGen       total 5632K, used 403K [0x0000000081800000, 0x0000000081d80000, 0x00000000d5d80000)
  object space 5632K, 7% used [0x0000000081800000,0x0000000081864e38,0x0000000081d80000)
 Metaspace       used 3720K, capacity 5100K, committed 5376K, reserved 1058816K
  class space    used 431K, capacity 488K, committed 512K, reserved 1048576K
GC Heap History (4 events):
Event: 0.412 GC heap before
{Heap before GC invocations=1 (full 0):
 PSYoungGen      total 2048K, used 1254K [0x00000000d5d80000, 0x00000000d6000000, 0x0000000100000000)
  eden space 1536K, 81% used [0x00000000d5d80000,0x00000000d5eb99a8,0x00000000d5f00000)
  from space 512K, 0% used [0x00000000d5f80000,0x00000000d5f80000,0x00000000d6000000)
  to   space 512K, 0% used [0x00000000d5f00000,0x00000000d5f00000,0x00000000d5f80000)
 ParOldGen       total 5632K, used 0K [0x0000000081800000, 0x0000000081d80000, 0x00000000d5d80000)
  object space 5632K, 0% used [0x0000000081800000,0x0000000081800000,0x0000000081d80000)
 Metaspace       used 3053K, capacity 4716K, committed 4864K, reserved 1060864K
  class space    used 348K, capacity 424K, committed 512K, reserved 1048576K
Event: 0.413 GC heap after
Heap after GC invocations=1 (full 0):
 PSYoungGen      total 2048K, used 496K [0x00000000d5d80000, 0x00000000d6000000, 0x0000000100000000)
  eden space 1536K, 0% used [0x00000000d5d80000,0x00000000d5d80000,0x00000000d5f00000)
  from space 512K, 96% used [0x00000000d5f00000,0x00000000d5f7c010,0x00000000d5f80000)
  to   space 512K, 0% used [0x00000000d5f80000,0x00000000d5f80000,0x00000000d6000000)
 ParOldGen       total 5632K, used 8K [0x0000000081800000, 0x0000000081d80000, 0x00000000d5d80000)
  object space 5632K, 0% used [0x0000000081800000,0x0000000081802000,0x0000000081d80000)
 Metaspace       used 3053K, capacity 4716K, committed 4864K, reserved 1060864K
  class space    used 348K, capacity 424K, committed 512K, reserved 1048576K
}
Event: 0.413 GC heap before
{Heap before GC invocations=2 (full 1):
 PSYoungGen      total 2048K, used 496K [0x00000000d5d80000, 0x00000000d6000000, 0x0000000100000000)
  eden space 1536K, 0% used [0x00000000d5d80000,0x00000000d5d80000,0x00000000d5f00000)
  from space 512K, 96% used [0x00000000d5f00000,0x00000000d5f7c010,0x00000000d5f80000)
  to   space 512K, 0% used [0x00000000d5f80000,0x00000000d5f80000,0x00000000d6000000)
 ParOldGen       total 5632K, used 8K [0x0000000081800000, 0x0000000081d80000, 0x00000000d5d80000)
  object space 5632K, 0% used [0x0000000081800000,0x0000000081802000,0x0000000081d80000)
 Metaspace       used 3053K, capacity 4716K, committed 4864K, reserved 1060864K
  class space    used 348K, capacity 424K, committed 512K, reserved 1048576K
Event: 0.419 GC heap after
Heap after GC invocations=2 (full 1):
 PSYoungGen      total 2048K, used 0K [0x00000000d5d80000, 0x00000000d6000000, 0x0000000100000000)
  eden space 1536K, 0% used [0x00000000d5d80000,0x00000000d5d80000,0x00000000d5f00000)
  from space 512K, 0% used [0x00000000d5f00000,0x00000000d5f00000,0x00000000d5f80000)
  to   space 512K, 0% used [0x00000000d5f80000,0x00000000d5f80000,0x00000000d6000000)
 ParOldGen       total 5632K, used 403K [0x0000000081800000, 0x0000000081d80000, 0x00000000d5d80000)
  object space 5632K, 7% used [0x0000000081800000,0x0000000081864e38,0x0000000081d80000)
 Metaspace       used 3053K, capacity 4716K, committed 4864K, reserved 1058816K
  class space    used 348K, capacity 424K, committed 512K, reserved 1048576K
}

